<?xml version="1.0" encoding="UTF-8"?>
<!-- Generated by org.testng.reporters.JUnitXMLReporter -->
<testsuite ignored="1" hostname="DESKTOP-TA1D4P3" failures="1" tests="1" name="Default test(failed)" time="0.117" errors="0" timestamp="2024-01-14T11:28:00 IST">
  <testcase classname="testNGProject.InterviewQuestion" name="testCase1" time="0.03">
    <failure type="java.lang.AssertionError" message="expected [false] but found [true]">
      <![CDATA[java.lang.AssertionError: expected [false] but found [true]
at testNGProject.InterviewQuestion.testCase1(InterviewQuestion.java:11)
at java.base/java.util.ArrayList.forEach(ArrayList.java:1511)
... Removed 32 stack frames]]>
    </failure>
  </testcase> <!-- testCase1 -->
  <testcase classname="testNGProject.InterviewQuestion" name="testCase2" time="0.0">
    <ignored/>
  </testcase> <!-- testCase2 -->
</testsuite> <!-- Default test(failed) -->
